<?xml version="1.0" encoding="UTF-8"?>
<!-- Generated by org.testng.reporters.JUnitReportReporter -->
<testsuite hostname="DESKTOP-QE010PN" failures="0" tests="4" name="CheckTestNPack01.CheckTestNG" time="0.019" errors="0" timestamp="2022-01-09T00:03:39 IST" skipped="0">
  <testcase classname="CheckTestNPack01.CheckTestNG" name="pro03" time="0.002"/>
  <system-out/>
  <testcase classname="CheckTestNPack01.CheckTestNG" name="met04" time="0.012"/>
  <system-out/>
  <testcase classname="CheckTestNPack01.CheckTestNG" name="pro02" time="0.002"/>
  <system-out/>
  <testcase classname="CheckTestNPack01.CheckTestNG" name="pro01" time="0.003"/>
  <system-out/>
</testsuite> <!-- CheckTestNPack01.CheckTestNG -->
